TN:
SF:src/database/entities/Clientes.ts
FN:26,Clientes
FNF:1
FNH:1
FNDA:7,Clientes
DA:1,1
DA:2,1
DA:3,1
DA:4,1
DA:5,1
DA:6,1
DA:7,1
DA:8,1
DA:9,1
DA:10,1
DA:11,1
DA:12,1
DA:13,1
DA:14,1
DA:15,1
DA:16,1
DA:17,1
DA:18,1
DA:19,1
DA:20,1
DA:21,1
DA:22,1
DA:23,1
DA:24,1
DA:25,1
DA:26,1
DA:27,7
DA:28,7
DA:29,7
DA:30,7
DA:31,1
DA:32,1
DA:33,1
LF:33
LH:33
BRDA:26,0,0,7
BRF:1
BRH:1
end_of_record
TN:
SF:src/errors/AppErros.ts
FN:5,AppError
FNF:1
FNH:1
FNDA:2,AppError
DA:1,1
DA:2,1
DA:3,1
DA:4,1
DA:5,1
DA:6,2
DA:7,2
DA:8,2
DA:9,1
DA:10,1
DA:11,1
LF:11
LH:11
BRDA:5,0,0,2
BRF:1
BRH:1
end_of_record
TN:
SF:src/repositories/ClienteRepositoryMemory.ts
FN:5,ClienteRepositoryMemory
FN:10,getInstace
FN:17,create
FN:30,findOne
FN:43,edit
FN:80,delete
FN:89,findByID
FN:97,findLike
FNF:8
FNH:7
FNDA:7,ClienteRepositoryMemory
FNDA:0,getInstace
FNDA:7,create
FNDA:12,findOne
FNDA:1,edit
FNDA:1,delete
FNDA:1,findByID
FNDA:2,findLike
DA:1,1
DA:2,1
DA:3,1
DA:4,1
DA:5,7
DA:6,7
DA:7,7
DA:8,7
DA:9,7
DA:10,7
DA:11,0
DA:12,0
DA:13,0
DA:14,0
DA:15,0
DA:16,7
DA:17,7
DA:18,7
DA:19,7
DA:20,7
DA:21,7
DA:22,7
DA:23,7
DA:24,7
DA:25,7
DA:26,7
DA:27,7
DA:28,7
DA:29,7
DA:30,7
DA:31,12
DA:32,12
DA:33,12
DA:34,12
DA:35,12
DA:36,12
DA:37,12
DA:38,5
DA:39,12
DA:40,12
DA:41,12
DA:42,7
DA:43,7
DA:44,1
DA:45,1
DA:46,1
DA:47,1
DA:48,1
DA:49,1
DA:50,1
DA:51,1
DA:52,1
DA:53,1
DA:54,1
DA:55,1
DA:56,1
DA:57,1
DA:58,1
DA:59,1
DA:60,1
DA:61,1
DA:62,1
DA:63,1
DA:64,3
DA:65,3
DA:66,3
DA:67,3
DA:68,1
DA:69,1
DA:70,1
DA:71,0
DA:72,1
DA:73,1
DA:74,1
DA:75,1
DA:76,1
DA:77,1
DA:78,1
DA:79,7
DA:80,7
DA:81,1
DA:82,1
DA:83,1
DA:84,1
DA:85,1
DA:86,1
DA:87,1
DA:88,7
DA:89,7
DA:90,1
DA:91,1
DA:92,1
DA:93,1
DA:94,1
DA:95,1
DA:96,7
DA:97,7
DA:98,2
DA:99,2
DA:100,2
DA:101,2
DA:102,2
DA:103,2
DA:104,7
DA:105,1
DA:106,1
LF:106
LH:100
BRDA:5,0,0,7
BRDA:17,1,0,7
BRDA:17,2,0,7
BRDA:30,3,0,12
BRDA:30,4,0,12
BRDA:37,5,0,5
BRDA:38,6,0,3
BRDA:43,7,0,1
BRDA:43,8,0,1
BRDA:75,9,0,0
BRDA:60,10,0,1
BRDA:63,11,0,3
BRDA:65,12,0,0
BRDA:71,13,0,0
BRDA:80,14,0,1
BRDA:81,15,0,1
BRDA:89,16,0,1
BRDA:92,17,0,0
BRDA:90,18,0,1
BRDA:97,19,0,2
BRDA:97,20,0,2
BRF:21
BRH:17
end_of_record
TN:
SF:src/useCases/CreateClienteUseCase/CreateClienteUseCase.ts
FN:10,CreateClienteUseCase
FN:14,execute
FNF:2
FNH:2
FNDA:7,CreateClienteUseCase
FNDA:8,execute
DA:1,1
DA:2,1
DA:3,1
DA:4,1
DA:5,1
DA:6,1
DA:7,1
DA:8,1
DA:9,1
DA:10,1
DA:11,7
DA:12,7
DA:13,1
DA:14,1
DA:15,8
DA:16,8
DA:17,8
DA:18,8
DA:19,8
DA:20,8
DA:21,8
DA:22,8
DA:23,8
DA:24,7
DA:25,7
DA:26,7
DA:27,1
DA:28,1
DA:29,1
LF:29
LH:29
BRDA:10,0,0,7
BRDA:14,1,0,8
BRDA:14,2,0,8
BRDA:16,3,0,0
BRDA:23,4,0,1
BRDA:24,5,0,7
BRF:6
BRH:5
end_of_record
TN:
SF:src/useCases/DeleteClientUseCase/DeleteClientUseCase.ts
FN:6,DeleteClientUseCase
FN:10,execute
FNF:2
FNH:2
FNDA:2,DeleteClientUseCase
FNDA:1,execute
DA:1,1
DA:2,1
DA:3,1
DA:4,1
DA:5,1
DA:6,1
DA:7,2
DA:8,2
DA:9,1
DA:10,1
DA:11,1
DA:12,1
DA:13,1
DA:14,1
DA:15,1
DA:16,1
DA:17,1
DA:18,1
DA:19,1
LF:19
LH:19
BRDA:6,0,0,2
BRDA:10,1,0,1
BRDA:13,2,0,0
BRF:3
BRH:2
end_of_record
TN:
SF:src/useCases/ReadClienteUseCase/ReadClientesUseCase.ts
FN:7,ReadClientesUseCase
FN:11,execute
FNF:2
FNH:2
FNDA:3,ReadClientesUseCase
FNDA:2,execute
DA:1,1
DA:2,1
DA:3,1
DA:4,1
DA:5,1
DA:6,1
DA:7,1
DA:8,3
DA:9,3
DA:10,1
DA:11,1
DA:12,2
DA:13,2
DA:14,2
DA:15,2
DA:16,2
DA:17,1
DA:18,1
DA:19,1
LF:19
LH:19
BRDA:7,0,0,3
BRDA:11,1,0,2
BRDA:11,2,0,2
BRF:3
BRH:3
end_of_record
TN:
SF:src/useCases/UpdateClienteUseCase/UpdateClienteUseCase.ts
FN:15,UpdateClienteUseCase
FN:19,execute
FNF:2
FNH:2
FNDA:2,UpdateClienteUseCase
FNDA:1,execute
DA:1,1
DA:2,1
DA:3,1
DA:4,1
DA:5,1
DA:6,1
DA:7,1
DA:8,1
DA:9,1
DA:10,1
DA:11,1
DA:12,1
DA:13,1
DA:14,1
DA:15,1
DA:16,2
DA:17,2
DA:18,1
DA:19,1
DA:20,1
DA:21,1
DA:22,1
DA:23,1
DA:24,1
DA:25,1
DA:26,1
DA:27,1
DA:28,1
DA:29,1
DA:30,1
DA:31,1
DA:32,1
DA:33,1
DA:34,1
DA:35,1
DA:36,1
DA:37,1
LF:37
LH:37
BRDA:15,0,0,2
BRDA:19,1,0,1
BRDA:19,2,0,1
BRDA:31,3,0,0
BRF:4
BRH:3
end_of_record
