TN:
SF:src\database\entities\Admins.ts
FN:26,Admins
FNF:1
FNH:1
FNDA:9,Admins
DA:1,1
DA:2,1
DA:3,1
DA:4,1
DA:5,1
DA:6,1
DA:7,1
DA:8,1
DA:9,1
DA:10,1
DA:11,1
DA:12,1
DA:13,1
DA:14,1
DA:15,1
DA:16,1
DA:17,1
DA:18,1
DA:19,1
DA:20,1
DA:21,1
DA:22,1
DA:23,1
DA:24,1
DA:25,1
DA:26,1
DA:27,9
DA:28,9
DA:29,9
DA:30,9
DA:31,1
DA:32,1
DA:33,1
LF:33
LH:33
BRDA:26,0,0,9
BRF:1
BRH:1
end_of_record
TN:
SF:src\database\entities\Clientes.ts
FN:26,Clientes
FNF:1
FNH:1
FNDA:9,Clientes
DA:1,1
DA:2,1
DA:3,1
DA:4,1
DA:5,1
DA:6,1
DA:7,1
DA:8,1
DA:9,1
DA:10,1
DA:11,1
DA:12,1
DA:13,1
DA:14,1
DA:15,1
DA:16,1
DA:17,1
DA:18,1
DA:19,1
DA:20,1
DA:21,1
DA:22,1
DA:23,1
DA:24,1
DA:25,1
DA:26,1
DA:27,9
DA:28,9
DA:29,9
DA:30,9
DA:31,1
DA:32,1
DA:33,1
LF:33
LH:33
BRDA:26,0,0,9
BRF:1
BRH:1
end_of_record
TN:
SF:src\errors\AppErros.ts
FN:5,AppError
FNF:1
FNH:1
FNDA:10,AppError
DA:1,1
DA:2,1
DA:3,1
DA:4,1
DA:5,1
DA:6,10
DA:7,10
DA:8,10
DA:9,1
DA:10,1
DA:11,1
LF:11
LH:11
BRDA:5,0,0,10
BRF:1
BRH:1
end_of_record
TN:
SF:src\repositories\AdminsRepositoryMemory.ts
FN:8,AdminsRepositoryMemory
FN:11,create
FN:25,findOne
FN:33,edit
FN:70,delete
FN:79,findByID
FN:87,findAll
FNF:7
FNH:7
FNDA:13,AdminsRepositoryMemory
FNDA:9,create
FNDA:14,findOne
FNDA:2,edit
FNDA:2,delete
FNDA:5,findByID
FNDA:2,findAll
DA:1,1
DA:2,1
DA:3,1
DA:4,1
DA:5,1
DA:6,1
DA:7,1
DA:8,13
DA:9,13
DA:10,13
DA:11,13
DA:12,9
DA:13,9
DA:14,9
DA:15,9
DA:16,9
DA:17,9
DA:18,9
DA:19,9
DA:20,9
DA:21,9
DA:22,9
DA:23,9
DA:24,13
DA:25,13
DA:26,14
DA:27,8
DA:28,14
DA:29,14
DA:30,8
DA:31,8
DA:32,13
DA:33,13
DA:34,2
DA:35,2
DA:36,2
DA:37,2
DA:38,2
DA:39,2
DA:40,2
DA:41,2
DA:42,2
DA:43,2
DA:44,2
DA:45,2
DA:46,2
DA:47,2
DA:48,2
DA:49,2
DA:50,2
DA:51,2
DA:52,2
DA:53,2
DA:54,6
DA:55,6
DA:56,6
DA:57,6
DA:58,2
DA:59,2
DA:60,2
DA:61,0
DA:62,2
DA:63,2
DA:64,2
DA:65,2
DA:66,2
DA:67,2
DA:68,2
DA:69,13
DA:70,13
DA:71,2
DA:72,2
DA:73,2
DA:74,2
DA:75,2
DA:76,2
DA:77,2
DA:78,13
DA:79,13
DA:80,5
DA:81,5
DA:82,5
DA:83,3
DA:84,3
DA:85,3
DA:86,13
DA:87,13
DA:88,2
DA:89,2
DA:90,13
DA:91,1
DA:92,1
LF:92
LH:91
BRDA:8,0,0,13
BRDA:11,1,0,9
BRDA:11,2,0,9
BRDA:25,3,0,14
BRDA:25,4,0,14
BRDA:29,5,0,11
BRDA:29,6,0,6
BRDA:30,7,0,8
BRDA:26,8,0,8
BRDA:33,9,0,2
BRDA:33,10,0,2
BRDA:65,11,0,0
BRDA:50,12,0,2
BRDA:53,13,0,6
BRDA:55,14,0,4
BRDA:55,15,0,2
BRDA:61,16,0,0
BRDA:70,17,0,2
BRDA:71,18,0,2
BRDA:79,19,0,5
BRDA:82,20,0,2
BRDA:83,21,0,3
BRDA:80,22,0,3
BRDA:87,23,0,2
BRF:24
BRH:22
end_of_record
TN:
SF:src\repositories\ClientsRepositoryMemory.ts
FN:5,ClientsRepositoryMemory
FN:8,create
FN:21,findOne
FN:35,edit
FN:72,delete
FN:81,findByID
FN:89,findLike
FNF:7
FNH:7
FNDA:13,ClientsRepositoryMemory
FNDA:9,create
FNDA:13,findOne
FNDA:3,edit
FNDA:2,delete
FNDA:3,findByID
FNDA:2,findLike
DA:1,1
DA:2,1
DA:3,1
DA:4,1
DA:5,13
DA:6,13
DA:7,13
DA:8,13
DA:9,9
DA:10,9
DA:11,9
DA:12,9
DA:13,9
DA:14,9
DA:15,9
DA:16,9
DA:17,9
DA:18,9
DA:19,9
DA:20,13
DA:21,13
DA:22,13
DA:23,13
DA:24,13
DA:25,13
DA:26,13
DA:27,13
DA:28,13
DA:29,8
DA:30,13
DA:31,13
DA:32,8
DA:33,8
DA:34,13
DA:35,13
DA:36,3
DA:37,3
DA:38,3
DA:39,3
DA:40,3
DA:41,3
DA:42,3
DA:43,3
DA:44,3
DA:45,3
DA:46,3
DA:47,3
DA:48,3
DA:49,3
DA:50,3
DA:51,3
DA:52,3
DA:53,2
DA:54,2
DA:55,2
DA:56,6
DA:57,6
DA:58,6
DA:59,6
DA:60,2
DA:61,2
DA:62,2
DA:63,0
DA:64,3
DA:65,3
DA:66,3
DA:67,3
DA:68,3
DA:69,3
DA:70,3
DA:71,13
DA:72,13
DA:73,2
DA:74,2
DA:75,2
DA:76,2
DA:77,2
DA:78,2
DA:79,2
DA:80,13
DA:81,13
DA:82,3
DA:83,3
DA:84,3
DA:85,3
DA:86,3
DA:87,3
DA:88,13
DA:89,13
DA:90,2
DA:91,2
DA:92,2
DA:93,2
DA:94,2
DA:95,2
DA:96,13
DA:97,1
DA:98,1
LF:98
LH:97
BRDA:5,0,0,13
BRDA:8,1,0,9
BRDA:8,2,0,9
BRDA:21,3,0,13
BRDA:21,4,0,13
BRDA:31,5,0,9
BRDA:31,6,0,5
BRDA:32,7,0,8
BRDA:28,8,0,8
BRDA:35,9,0,3
BRDA:35,10,0,3
BRDA:67,11,0,0
BRDA:52,12,0,2
BRDA:55,13,0,6
BRDA:57,14,0,0
BRDA:63,15,0,0
BRDA:72,16,0,2
BRDA:73,17,0,2
BRDA:81,18,0,3
BRDA:84,19,0,0
BRDA:82,20,0,3
BRDA:89,21,0,2
BRDA:89,22,0,2
BRF:23
BRH:19
end_of_record
TN:
SF:src\useCases\Admins\CreateAdminUseCase\CreateAdminController.ts
FN:7,CreateAdminController
FN:11,handle
FNF:2
FNH:2
FNDA:1,CreateAdminController
FNDA:1,handle
DA:1,1
DA:2,1
DA:3,1
DA:4,1
DA:5,1
DA:6,1
DA:7,1
DA:8,1
DA:9,1
DA:10,1
DA:11,1
DA:12,1
DA:13,1
DA:14,1
DA:15,1
DA:16,1
DA:17,1
DA:18,1
DA:19,1
DA:20,1
DA:21,1
DA:22,1
DA:23,1
LF:23
LH:23
BRDA:7,0,0,1
BRDA:11,1,0,1
BRF:2
BRH:2
end_of_record
TN:
SF:src\useCases\Admins\CreateAdminUseCase\CreateAdminUseCase.ts
FN:12,CreateAdminUseCase
FN:16,execute
FNF:2
FNH:2
FNDA:8,CreateAdminUseCase
FNDA:9,execute
DA:1,1
DA:2,1
DA:3,1
DA:4,1
DA:5,1
DA:6,1
DA:7,1
DA:8,1
DA:9,1
DA:10,1
DA:11,1
DA:12,1
DA:13,8
DA:14,8
DA:15,1
DA:16,1
DA:17,9
DA:18,9
DA:19,8
DA:20,8
DA:21,8
DA:22,9
DA:23,6
DA:24,6
DA:25,6
DA:26,6
DA:27,6
DA:28,1
DA:29,1
LF:29
LH:29
BRDA:12,0,0,8
BRDA:16,1,0,9
BRDA:16,2,0,9
BRDA:18,3,0,1
BRDA:19,4,0,8
BRDA:22,5,0,2
BRDA:23,6,0,6
BRF:7
BRH:7
end_of_record
TN:
SF:src\useCases\Admins\DeleteAdminUseCase\DeleteAdminController.ts
FN:6,DeleteAdminController
FN:8,handle
FNF:2
FNH:2
FNDA:1,DeleteAdminController
FNDA:1,handle
DA:1,1
DA:2,1
DA:3,1
DA:4,1
DA:5,1
DA:6,1
DA:7,1
DA:8,1
DA:9,1
DA:10,1
DA:11,1
DA:12,1
DA:13,1
DA:14,1
DA:15,1
DA:16,1
DA:17,1
LF:17
LH:17
BRDA:6,0,0,1
BRDA:8,1,0,1
BRF:2
BRH:2
end_of_record
TN:
SF:src\useCases\Admins\DeleteAdminUseCase\DeleteAdminUseCase.ts
FN:6,DeleteAdminUseCase
FN:10,execute
FNF:2
FNH:2
FNDA:3,DeleteAdminUseCase
FNDA:3,execute
DA:1,1
DA:2,1
DA:3,1
DA:4,1
DA:5,1
DA:6,1
DA:7,3
DA:8,3
DA:9,1
DA:10,1
DA:11,3
DA:12,3
DA:13,3
DA:14,3
DA:15,3
DA:16,2
DA:17,2
DA:18,2
DA:19,1
DA:20,1
DA:21,1
LF:21
LH:21
BRDA:6,0,0,3
BRDA:10,1,0,3
BRDA:10,2,0,3
BRDA:11,3,0,0
BRDA:15,4,0,2
BRDA:15,5,0,1
BRF:6
BRH:5
end_of_record
TN:
SF:src\useCases\Admins\LoginAdminUseCase\LoginAdminController.ts
FN:8,LoginAdminController
FN:12,handle
FNF:2
FNH:2
FNDA:1,LoginAdminController
FNDA:1,handle
DA:1,1
DA:2,1
DA:3,1
DA:4,1
DA:5,1
DA:6,1
DA:7,1
DA:8,1
DA:9,1
DA:10,1
DA:11,1
DA:12,1
DA:13,1
DA:14,1
DA:15,1
DA:16,1
DA:17,1
DA:18,1
DA:19,0
DA:20,0
DA:21,0
DA:22,1
DA:23,1
DA:24,1
LF:24
LH:21
BRDA:8,0,0,1
BRDA:12,1,0,1
BRDA:19,2,0,0
BRF:3
BRH:2
end_of_record
TN:
SF:src\useCases\Admins\LoginAdminUseCase\LoginAdminUseCase.ts
FN:21,LoginAdminUseCase
FN:25,execute
FNF:2
FNH:2
FNDA:4,LoginAdminUseCase
FNDA:3,execute
DA:1,1
DA:2,1
DA:3,1
DA:4,1
DA:5,1
DA:6,1
DA:7,1
DA:8,1
DA:9,1
DA:10,1
DA:11,1
DA:12,1
DA:13,1
DA:14,1
DA:15,1
DA:16,1
DA:17,1
DA:18,1
DA:19,1
DA:20,1
DA:21,1
DA:22,4
DA:23,4
DA:24,1
DA:25,1
DA:26,3
DA:27,3
DA:28,3
DA:29,3
DA:30,3
DA:31,3
DA:32,3
DA:33,3
DA:34,3
DA:35,3
DA:36,3
DA:37,3
DA:38,3
DA:39,3
DA:40,3
DA:41,3
DA:42,2
DA:43,2
DA:44,3
DA:45,2
DA:46,2
DA:47,2
DA:48,2
DA:49,2
DA:50,2
DA:51,2
DA:52,2
DA:53,2
DA:54,2
DA:55,2
DA:56,1
DA:57,1
DA:58,1
LF:58
LH:58
BRDA:21,0,0,4
BRDA:25,1,0,3
BRDA:25,2,0,3
BRDA:34,3,0,0
BRDA:41,4,0,2
BRDA:41,5,0,1
BRDA:44,6,0,0
BRDA:45,7,0,2
BRF:8
BRH:6
end_of_record
TN:
SF:src\useCases\Admins\ReadAdminUseCase\ReadAdminController.ts
FN:7,ReadAdminController
FN:11,handle
FNF:2
FNH:2
FNDA:1,ReadAdminController
FNDA:1,handle
DA:1,1
DA:2,1
DA:3,1
DA:4,1
DA:5,1
DA:6,1
DA:7,1
DA:8,1
DA:9,1
DA:10,1
DA:11,1
DA:12,1
DA:13,1
DA:14,1
DA:15,1
DA:16,1
DA:17,1
DA:18,1
LF:18
LH:18
BRDA:7,0,0,1
BRDA:11,1,0,1
BRF:2
BRH:2
end_of_record
TN:
SF:src\useCases\Admins\ReadAdminUseCase\ReadAdminUseCase.ts
FN:6,ReadAdminUseCase
FN:10,execute
FNF:2
FNH:2
FNDA:2,ReadAdminUseCase
FNDA:2,execute
DA:1,1
DA:2,1
DA:3,1
DA:4,1
DA:5,1
DA:6,1
DA:7,2
DA:8,2
DA:9,1
DA:10,1
DA:11,2
DA:12,2
DA:13,2
DA:14,2
DA:15,1
DA:16,1
DA:17,1
LF:17
LH:17
BRDA:6,0,0,2
BRDA:10,1,0,2
BRF:2
BRH:2
end_of_record
TN:
SF:src\useCases\Admins\UpdateAdminUseCase\UpdateAdminController.ts
FN:7,UpdateAdminController
FN:11,handle
FNF:2
FNH:2
FNDA:1,UpdateAdminController
FNDA:1,handle
DA:1,1
DA:2,1
DA:3,1
DA:4,1
DA:5,1
DA:6,1
DA:7,1
DA:8,1
DA:9,1
DA:10,1
DA:11,1
DA:12,1
DA:13,1
DA:14,1
DA:15,1
DA:16,1
DA:17,1
DA:18,1
DA:19,1
DA:20,1
DA:21,1
DA:22,1
DA:23,1
DA:24,1
DA:25,1
DA:26,1
LF:26
LH:26
BRDA:7,0,0,1
BRDA:11,1,0,1
BRF:2
BRH:2
end_of_record
TN:
SF:src\useCases\Admins\UpdateAdminUseCase\UpdateAdminUseCase.ts
FN:18,UpdateAdminUseCase
FN:22,execute
FNF:2
FNH:2
FNDA:2,UpdateAdminUseCase
FNDA:3,execute
DA:1,1
DA:2,1
DA:3,1
DA:4,1
DA:5,1
DA:6,1
DA:7,1
DA:8,1
DA:9,1
DA:10,1
DA:11,1
DA:12,1
DA:13,1
DA:14,1
DA:15,1
DA:16,1
DA:17,1
DA:18,1
DA:19,2
DA:20,2
DA:21,1
DA:22,1
DA:23,3
DA:24,3
DA:25,3
DA:26,2
DA:27,2
DA:28,3
DA:29,3
DA:30,2
DA:31,2
DA:32,2
DA:33,2
DA:34,2
DA:35,2
DA:36,2
DA:37,2
DA:38,2
DA:39,2
DA:40,2
DA:41,3
DA:42,2
DA:43,2
DA:44,2
DA:45,1
DA:46,1
DA:47,1
LF:47
LH:47
BRDA:18,0,0,2
BRDA:22,1,0,3
BRDA:22,2,0,3
BRDA:23,3,0,0
BRDA:25,4,0,2
BRDA:29,5,0,2
BRDA:31,6,0,1
BRDA:41,7,0,0
BRDA:42,8,0,2
BRF:9
BRH:7
end_of_record
TN:
SF:src\useCases\Clients\CreateClientUseCase\CreateClienteController.ts
FN:8,CreateClienteController
FN:12,handle
FNF:2
FNH:2
FNDA:2,CreateClienteController
FNDA:2,handle
DA:1,1
DA:2,1
DA:3,1
DA:4,1
DA:5,1
DA:6,1
DA:7,1
DA:8,1
DA:9,2
DA:10,2
DA:11,1
DA:12,1
DA:13,2
DA:14,2
DA:15,2
DA:16,2
DA:17,2
DA:18,2
DA:19,2
DA:20,1
DA:21,1
DA:22,1
DA:23,1
DA:24,1
DA:25,1
LF:25
LH:25
BRDA:8,0,0,2
BRDA:12,1,0,2
BRDA:20,2,0,1
BRF:3
BRH:3
end_of_record
TN:
SF:src\useCases\Clients\CreateClientUseCase\CreateClientUseCase.ts
FN:10,CreateClientUseCase
FN:14,execute
FNF:2
FNH:2
FNDA:6,CreateClientUseCase
FNDA:6,execute
DA:1,1
DA:2,1
DA:3,1
DA:4,1
DA:5,1
DA:6,1
DA:7,1
DA:8,1
DA:9,1
DA:10,1
DA:11,6
DA:12,6
DA:13,1
DA:14,1
DA:15,6
DA:16,6
DA:17,5
DA:18,5
DA:19,5
DA:20,5
DA:21,5
DA:22,5
DA:23,6
DA:24,4
DA:25,4
DA:26,4
DA:27,1
DA:28,1
DA:29,1
LF:29
LH:29
BRDA:10,0,0,6
BRDA:14,1,0,6
BRDA:14,2,0,6
BRDA:16,3,0,5
BRDA:16,4,0,1
BRDA:23,5,0,1
BRDA:24,6,0,4
BRF:7
BRH:7
end_of_record
TN:
SF:src\useCases\Clients\DeleteClientUseCase\DeleteClientController.ts
FN:7,DeleteClientController
FN:11,handle
FNF:2
FNH:2
FNDA:1,DeleteClientController
FNDA:1,handle
DA:1,1
DA:2,1
DA:3,1
DA:4,1
DA:5,1
DA:6,1
DA:7,1
DA:8,1
DA:9,1
DA:10,1
DA:11,1
DA:12,1
DA:13,1
DA:14,1
DA:15,1
DA:16,1
DA:17,1
DA:18,1
DA:19,1
DA:20,1
LF:20
LH:20
BRDA:7,0,0,1
BRDA:11,1,0,1
BRF:2
BRH:2
end_of_record
TN:
SF:src\useCases\Clients\DeleteClientUseCase\DeleteClientUseCase.ts
FN:6,DeleteClientUseCase
FN:10,execute
FNF:2
FNH:2
FNDA:3,DeleteClientUseCase
FNDA:2,execute
DA:1,1
DA:2,1
DA:3,1
DA:4,1
DA:5,1
DA:6,1
DA:7,3
DA:8,3
DA:9,1
DA:10,1
DA:11,2
DA:12,2
DA:13,2
DA:14,2
DA:15,2
DA:16,2
DA:17,1
DA:18,1
DA:19,1
LF:19
LH:19
BRDA:6,0,0,3
BRDA:10,1,0,2
BRDA:13,2,0,0
BRF:3
BRH:2
end_of_record
TN:
SF:src\useCases\Clients\LoginClientUseCase\LoginClientController.ts
FN:8,LoginClientController
FN:12,handle
FNF:2
FNH:2
FNDA:1,LoginClientController
FNDA:1,handle
DA:1,1
DA:2,1
DA:3,1
DA:4,1
DA:5,1
DA:6,1
DA:7,1
DA:8,1
DA:9,1
DA:10,1
DA:11,1
DA:12,1
DA:13,1
DA:14,1
DA:15,1
DA:16,1
DA:17,1
DA:18,1
DA:19,1
DA:20,1
DA:21,1
DA:22,1
DA:23,1
DA:24,1
DA:25,1
LF:25
LH:25
BRDA:8,0,0,1
BRDA:12,1,0,1
BRF:2
BRH:2
end_of_record
TN:
SF:src\useCases\Clients\LoginClientUseCase\LoginClientUseCase.ts
FN:21,LoginClientUseCase
FN:25,execute
FNF:2
FNH:2
FNDA:5,LoginClientUseCase
FNDA:4,execute
DA:1,1
DA:2,1
DA:3,1
DA:4,1
DA:5,1
DA:6,1
DA:7,1
DA:8,1
DA:9,1
DA:10,1
DA:11,1
DA:12,1
DA:13,1
DA:14,1
DA:15,1
DA:16,1
DA:17,1
DA:18,1
DA:19,1
DA:20,1
DA:21,1
DA:22,5
DA:23,5
DA:24,1
DA:25,1
DA:26,4
DA:27,4
DA:28,4
DA:29,4
DA:30,4
DA:31,4
DA:32,4
DA:33,4
DA:34,4
DA:35,3
DA:36,3
DA:37,3
DA:38,3
DA:39,3
DA:40,3
DA:41,3
DA:42,3
DA:43,4
DA:44,3
DA:45,3
DA:46,3
DA:47,3
DA:48,3
DA:49,3
DA:50,3
DA:51,3
DA:52,3
DA:53,1
DA:54,1
DA:55,1
LF:55
LH:55
BRDA:21,0,0,5
BRDA:25,1,0,4
BRDA:25,2,0,4
BRDA:34,3,0,3
BRDA:34,4,0,1
BRDA:43,5,0,0
BRDA:44,6,0,3
BRF:7
BRH:6
end_of_record
TN:
SF:src\useCases\Clients\ReadClienteUseCase\ReadClientsController.ts
FN:8,ReadClientsController
FN:12,handle
FNF:2
FNH:2
FNDA:1,ReadClientsController
FNDA:1,handle
DA:1,1
DA:2,1
DA:3,1
DA:4,1
DA:5,1
DA:6,1
DA:7,1
DA:8,1
DA:9,1
DA:10,1
DA:11,1
DA:12,1
DA:13,1
DA:14,1
DA:15,1
DA:16,0
DA:17,0
DA:18,1
DA:19,1
DA:20,1
DA:21,1
DA:22,1
DA:23,1
DA:24,1
DA:25,1
DA:26,1
DA:27,1
LF:27
LH:25
BRDA:8,0,0,1
BRDA:12,1,0,1
BRDA:13,2,0,0
BRDA:15,3,0,0
BRF:4
BRH:2
end_of_record
TN:
SF:src\useCases\Clients\ReadClienteUseCase\ReadClientsUseCase.ts
FN:7,ReadClientsUseCase
FN:11,execute
FNF:2
FNH:2
FNDA:2,ReadClientsUseCase
FNDA:2,execute
DA:1,1
DA:2,1
DA:3,1
DA:4,1
DA:5,1
DA:6,1
DA:7,1
DA:8,2
DA:9,2
DA:10,1
DA:11,1
DA:12,2
DA:13,2
DA:14,2
DA:15,2
DA:16,2
DA:17,1
DA:18,1
DA:19,1
LF:19
LH:19
BRDA:7,0,0,2
BRDA:11,1,0,2
BRDA:11,2,0,2
BRF:3
BRH:3
end_of_record
TN:
SF:src\useCases\Clients\UpdateClientUseCase\UpdateClientController.ts
FN:8,UpdateClientController
FN:12,handle
FNF:2
FNH:2
FNDA:1,UpdateClientController
FNDA:1,handle
DA:1,1
DA:2,1
DA:3,1
DA:4,1
DA:5,1
DA:6,1
DA:7,1
DA:8,1
DA:9,1
DA:10,1
DA:11,1
DA:12,1
DA:13,1
DA:14,1
DA:15,1
DA:16,1
DA:17,1
DA:18,1
DA:19,1
DA:20,1
DA:21,1
DA:22,1
DA:23,1
DA:24,1
DA:25,1
DA:26,1
DA:27,1
LF:27
LH:27
BRDA:8,0,0,1
BRDA:12,1,0,1
BRF:2
BRH:2
end_of_record
TN:
SF:src\useCases\Clients\UpdateClientUseCase\UpdateClientUseCase.ts
FN:15,UpdateClientUseCase
FN:19,execute
FNF:2
FNH:2
FNDA:3,UpdateClientUseCase
FNDA:3,execute
DA:1,1
DA:2,1
DA:3,1
DA:4,1
DA:5,1
DA:6,1
DA:7,1
DA:8,1
DA:9,1
DA:10,1
DA:11,1
DA:12,1
DA:13,1
DA:14,1
DA:15,1
DA:16,3
DA:17,3
DA:18,1
DA:19,1
DA:20,3
DA:21,3
DA:22,3
DA:23,3
DA:24,3
DA:25,3
DA:26,3
DA:27,3
DA:28,3
DA:29,3
DA:30,3
DA:31,3
DA:32,3
DA:33,3
DA:34,2
DA:35,2
DA:36,2
DA:37,1
DA:38,1
DA:39,1
LF:39
LH:39
BRDA:15,0,0,3
BRDA:19,1,0,3
BRDA:19,2,0,3
BRDA:25,3,0,0
BRDA:33,4,0,2
BRDA:33,5,0,1
BRF:6
BRH:5
end_of_record
TN:
SF:src\useCases\Token\VerifyTokenUseCase\VerifyTokenUseCase.ts
FN:24,verifyTokenAdmin
FN:41,verifyTokenClient
FNF:2
FNH:2
FNDA:1,verifyTokenAdmin
FNDA:1,verifyTokenClient
DA:1,1
DA:2,1
DA:3,1
DA:4,1
DA:5,1
DA:6,1
DA:7,1
DA:8,1
DA:9,1
DA:10,1
DA:11,1
DA:12,1
DA:13,1
DA:14,1
DA:15,1
DA:16,1
DA:17,1
DA:18,1
DA:19,1
DA:20,1
DA:21,1
DA:22,1
DA:23,1
DA:24,1
DA:25,1
DA:26,1
DA:27,1
DA:28,1
DA:29,1
DA:30,1
DA:31,1
DA:32,1
DA:33,1
DA:34,1
DA:35,1
DA:36,1
DA:37,0
DA:38,0
DA:39,1
DA:40,1
DA:41,1
DA:42,1
DA:43,1
DA:44,1
DA:45,1
DA:46,1
DA:47,1
DA:48,1
DA:49,1
DA:50,1
DA:51,1
DA:52,1
DA:53,1
DA:54,0
DA:55,0
DA:56,1
DA:57,1
DA:58,1
DA:59,1
LF:59
LH:55
BRDA:24,0,0,1
BRDA:35,1,0,0
BRDA:36,2,0,0
BRDA:41,3,0,1
BRDA:52,4,0,0
BRDA:53,5,0,0
BRF:6
BRH:2
end_of_record
TN:
SF:src\utils\cryptPassword.ts
FN:3,cryptPassword
FNF:1
FNH:1
FNDA:8,cryptPassword
DA:1,1
DA:2,1
DA:3,8
DA:4,8
DA:5,8
DA:6,8
DA:7,8
DA:8,8
DA:9,8
DA:10,1
LF:10
LH:10
BRDA:3,0,0,8
BRF:1
BRH:1
end_of_record
TN:
SF:src\utils\verifyToken.ts
FN:11,verifyToken
FNF:1
FNH:1
FNDA:2,verifyToken
DA:1,1
DA:2,1
DA:3,1
DA:4,1
DA:5,1
DA:6,1
DA:7,1
DA:8,1
DA:9,1
DA:10,1
DA:11,2
DA:12,2
DA:13,2
DA:14,2
DA:15,2
DA:16,2
DA:17,2
DA:18,2
DA:19,1
DA:20,1
LF:20
LH:20
BRDA:11,0,0,2
BRDA:13,1,0,0
BRF:2
BRH:1
end_of_record
